<?xml version="1.0" encoding="UTF-8"?>
<!-- Generated by org.testng.reporters.JUnitXMLReporter -->
<testsuite ignored="0" hostname="DESKTOP-NCJFEBV" failures="0" tests="5" name="Default test" time="19.46" errors="0" timestamp="2022-11-11T21:49:12 IST">
  <testcase classname="com.helper.screenshot.TestSpringer" name="verifySearchButtonIsEnabledTest" time="0.164"/>
  <testcase classname="com.helper.screenshot.TestSpringer" name="verifyPageTitleTest" time="0.025"/>
  <testcase classname="com.helper.screenshot.TestSpringer" name="verifyLogo" time="0.425"/>
  <testcase classname="com.helper.screenshot.TestSpringer" name="verifySearchButtonIsVisisbleTest" time="0.105"/>
  <testcase classname="com.helper.screenshot.TestSpringer" name="verifySearchClickTest" time="2.854"/>
</testsuite> <!-- Default test -->
