<?xml version="1.0" encoding="UTF-8"?>
<!-- Generated by org.testng.reporters.JUnitXMLReporter -->
<testsuite ignored="0" hostname="DESKTOP-NCJFEBV" failures="0" tests="5" name="Default test" time="15.184" errors="0" timestamp="2022-11-11T20:25:43 IST">
  <testcase classname="com.helper.screenshot.ScreenShot" name="verifySearchButtonIsEnabledTest" time="0.082"/>
  <testcase classname="com.helper.screenshot.ScreenShot" name="verifyPageTitleTest" time="0.028"/>
  <testcase classname="com.helper.screenshot.ScreenShot" name="verifyLogo" time="0.147"/>
  <testcase classname="com.helper.screenshot.ScreenShot" name="verifySearchButtonIsVisisbleTest" time="0.095"/>
  <testcase classname="com.helper.screenshot.ScreenShot" name="verifySearchClickTest" time="2.323"/>
</testsuite> <!-- Default test -->
