<?xml version="1.0" encoding="UTF-8"?>
<!-- Generated by org.testng.reporters.JUnitXMLReporter -->
<testsuite ignored="0" hostname="DESKTOP-NCJFEBV" failures="0" tests="5" name="Test" time="29.187" errors="0" timestamp="2022-11-11T21:02:10 IST">
  <testcase classname="com.helper.screenshot.TestSpringer" name="verifySearchButtonIsEnabledTest" time="0.295"/>
  <testcase classname="com.helper.screenshot.TestSpringer" name="verifyPageTitleTest" time="0.109"/>
  <testcase classname="com.helper.screenshot.TestSpringer" name="verifyLogo" time="0.249"/>
  <testcase classname="com.helper.screenshot.TestSpringer" name="verifySearchButtonIsVisisbleTest" time="0.091"/>
  <testcase classname="com.helper.screenshot.TestSpringer" name="verifySearchClickTest" time="3.124"/>
</testsuite> <!-- Test -->
