<?xml version="1.0" encoding="UTF-8"?>
<testsuite hostname="DESKTOP-NCJFEBV" failures="0" tests="4" name="testpackage.HomePageTest" time="44.082" errors="0" timestamp="12 Nov 2022 06:12:08 GMT">
  <testcase classname="testpackage.HomePageTest" name="verifyLogoTest" time="1.051"/>
  <testcase classname="testpackage.HomePageTest" name="verifySearchButtonIsVisisbleTest" time="0.253"/>
  <testcase classname="testpackage.HomePageTest" name="verifySearchClickTest" time="0.002">
    <skipped/>
  </testcase>
  <testcase classname="testpackage.HomePageTest" name="verifySearchButtonIsEnabledTest" time="0.005">
    <skipped/>
  </testcase>
</testsuite>
