<?xml version="1.0" encoding="UTF-8" ?>
<testsuite tests="4" failures="0" name="testpackage.HomePageTest" time="1.732" errors="0" skipped="2">
  <properties>
[...]
</properties>
  <testcase classname="testpackage.HomePageTest" name="verifyLogoTest" time="1.053"/>
  <testcase classname="testpackage.HomePageTest" name="verifySearchButtonIsVisisbleTest" time="0.221"/>
  <testcase classname="testpackage.HomePageTest" name="verifySearchClickTest" time="0.225">
    <skipped/>
  </testcase>
  <testcase classname="testpackage.HomePageTest" name="verifySearchButtonIsEnabledTest" time="0.233">
    <skipped/>
  </testcase>
</testsuite>