<?xml version="1.0" encoding="UTF-8"?>
<testng-results ignored="0" total="5" passed="5" failed="0" skipped="0">
  <reporter-output>
  </reporter-output>
  <suite started-at="2022-11-11T21:48:53 IST" name="Default suite" finished-at="2022-11-11T21:49:12 IST" duration-ms="19460">
    <groups>
    </groups>
    <test started-at="2022-11-11T21:48:53 IST" name="Default test" finished-at="2022-11-11T21:49:12 IST" duration-ms="19460">
      <class name="com.helper.screenshot.TestSpringer">
        <test-method is-config="true" signature="Setup()[pri:0, instance:com.helper.screenshot.TestSpringer@2794eab6]" started-at="2022-11-11T21:48:53 IST" name="Setup" finished-at="2022-11-11T21:49:08 IST" duration-ms="15075" status="PASS">
          <reporter-output>
          </reporter-output>
        </test-method> <!-- Setup -->
        <test-method signature="verifySearchButtonIsEnabledTest()[pri:0, instance:com.helper.screenshot.TestSpringer@2794eab6]" started-at="2022-11-11T21:49:08 IST" name="verifySearchButtonIsEnabledTest" finished-at="2022-11-11T21:49:08 IST" duration-ms="164" status="PASS">
          <reporter-output>
          </reporter-output>
        </test-method> <!-- verifySearchButtonIsEnabledTest -->
        <test-method signature="verifyPageTitleTest()[pri:1, instance:com.helper.screenshot.TestSpringer@2794eab6]" started-at="2022-11-11T21:49:08 IST" name="verifyPageTitleTest" finished-at="2022-11-11T21:49:08 IST" duration-ms="25" status="PASS">
          <reporter-output>
          </reporter-output>
        </test-method> <!-- verifyPageTitleTest -->
        <test-method signature="verifyLogo()[pri:2, instance:com.helper.screenshot.TestSpringer@2794eab6]" started-at="2022-11-11T21:49:08 IST" name="verifyLogo" finished-at="2022-11-11T21:49:08 IST" duration-ms="425" status="PASS">
          <reporter-output>
          </reporter-output>
        </test-method> <!-- verifyLogo -->
        <test-method signature="verifySearchButtonIsVisisbleTest()[pri:3, instance:com.helper.screenshot.TestSpringer@2794eab6]" started-at="2022-11-11T21:49:08 IST" name="verifySearchButtonIsVisisbleTest" finished-at="2022-11-11T21:49:09 IST" duration-ms="105" status="PASS">
          <reporter-output>
          </reporter-output>
        </test-method> <!-- verifySearchButtonIsVisisbleTest -->
        <test-method signature="verifySearchClickTest()[pri:4, instance:com.helper.screenshot.TestSpringer@2794eab6]" started-at="2022-11-11T21:49:09 IST" name="verifySearchClickTest" finished-at="2022-11-11T21:49:11 IST" duration-ms="2854" status="PASS">
          <reporter-output>
          </reporter-output>
        </test-method> <!-- verifySearchClickTest -->
        <test-method is-config="true" signature="Closingtest()[pri:0, instance:com.helper.screenshot.TestSpringer@2794eab6]" started-at="2022-11-11T21:49:11 IST" name="Closingtest" finished-at="2022-11-11T21:49:12 IST" duration-ms="679" status="PASS">
          <reporter-output>
          </reporter-output>
        </test-method> <!-- Closingtest -->
      </class> <!-- com.helper.screenshot.TestSpringer -->
    </test> <!-- Default test -->
  </suite> <!-- Default suite -->
</testng-results>
